2018-07-18 08:48:42 [main] INFO  com.OpenApplication - Starting OpenApplication on morrigan-PC with PID 14100 (D:\test-sioo\target\classes started by morrigan in D:\test-sioo)
2018-07-18 08:48:42 [main] INFO  com.OpenApplication - No active profile set, falling back to default profiles: default
2018-07-18 08:48:43 [main] INFO  o.s.b.c.e.AnnotationConfigEmbeddedWebApplicationContext - Refreshing org.springframework.boot.context.embedded.AnnotationConfigEmbeddedWebApplicationContext@18ce0030: startup date [Wed Jul 18 08:48:43 CST 2018]; root of context hierarchy
2018-07-18 08:48:43 [background-preinit] INFO  o.h.validator.internal.util.Version - HV000001: Hibernate Validator 5.3.6.Final
2018-07-18 08:48:49 [main] INFO  o.s.b.c.e.t.TomcatEmbeddedServletContainer - Tomcat initialized with port(s): 8050 (http)
2018-07-18 08:48:49 [main] INFO  o.a.catalina.core.StandardService - Starting service [Tomcat]
2018-07-18 08:48:49 [main] INFO  o.a.catalina.core.StandardEngine - Starting Servlet Engine: Apache Tomcat/8.5.23
2018-07-18 08:48:49 [localhost-startStop-1] INFO  o.a.c.c.C.[Tomcat].[localhost].[/] - Initializing Spring embedded WebApplicationContext
2018-07-18 08:48:49 [localhost-startStop-1] INFO  o.s.web.context.ContextLoader - Root WebApplicationContext: initialization completed in 6530 ms
2018-07-18 08:48:49 [localhost-startStop-1] INFO  o.s.b.w.s.ServletRegistrationBean - Mapping servlet: 'dispatcherServlet' to [/]
2018-07-18 08:48:49 [localhost-startStop-1] INFO  o.s.b.w.s.FilterRegistrationBean - Mapping filter: 'characterEncodingFilter' to: [/*]
2018-07-18 08:48:49 [localhost-startStop-1] INFO  o.s.b.w.s.FilterRegistrationBean - Mapping filter: 'hiddenHttpMethodFilter' to: [/*]
2018-07-18 08:48:49 [localhost-startStop-1] INFO  o.s.b.w.s.FilterRegistrationBean - Mapping filter: 'httpPutFormContentFilter' to: [/*]
2018-07-18 08:48:49 [localhost-startStop-1] INFO  o.s.b.w.s.FilterRegistrationBean - Mapping filter: 'requestContextFilter' to: [/*]
2018-07-18 08:48:51 [main] INFO  o.s.w.s.m.m.a.RequestMappingHandlerAdapter - Looking for @ControllerAdvice: org.springframework.boot.context.embedded.AnnotationConfigEmbeddedWebApplicationContext@18ce0030: startup date [Wed Jul 18 08:48:43 CST 2018]; root of context hierarchy
2018-07-18 08:48:51 [main] INFO  o.s.w.s.m.m.a.RequestMappingHandlerMapping - Mapped "{[/open]}" onto public java.lang.String com.controller.OpenController.open()
2018-07-18 08:48:51 [main] INFO  o.s.w.s.m.m.a.RequestMappingHandlerMapping - Mapped "{[/error]}" onto public org.springframework.http.ResponseEntity<java.util.Map<java.lang.String, java.lang.Object>> org.springframework.boot.autoconfigure.web.BasicErrorController.error(javax.servlet.http.HttpServletRequest)
2018-07-18 08:48:51 [main] INFO  o.s.w.s.m.m.a.RequestMappingHandlerMapping - Mapped "{[/error],produces=[text/html]}" onto public org.springframework.web.servlet.ModelAndView org.springframework.boot.autoconfigure.web.BasicErrorController.errorHtml(javax.servlet.http.HttpServletRequest,javax.servlet.http.HttpServletResponse)
2018-07-18 08:48:51 [main] INFO  o.s.w.s.h.SimpleUrlHandlerMapping - Mapped URL path [/webjars/**] onto handler of type [class org.springframework.web.servlet.resource.ResourceHttpRequestHandler]
2018-07-18 08:48:51 [main] INFO  o.s.w.s.h.SimpleUrlHandlerMapping - Mapped URL path [/**] onto handler of type [class org.springframework.web.servlet.resource.ResourceHttpRequestHandler]
2018-07-18 08:48:51 [main] INFO  o.s.w.s.h.SimpleUrlHandlerMapping - Mapped URL path [/**/favicon.ico] onto handler of type [class org.springframework.web.servlet.resource.ResourceHttpRequestHandler]
2018-07-18 08:48:52 [main] INFO  o.s.j.e.a.AnnotationMBeanExporter - Registering beans for JMX exposure on startup
2018-07-18 08:48:52 [main] INFO  o.a.coyote.http11.Http11NioProtocol - Initializing ProtocolHandler ["http-nio-8050"]
2018-07-18 08:48:52 [main] INFO  o.a.coyote.http11.Http11NioProtocol - Starting ProtocolHandler ["http-nio-8050"]
2018-07-18 08:48:52 [main] INFO  o.a.tomcat.util.net.NioSelectorPool - Using a shared selector for servlet write/read
2018-07-18 08:48:52 [main] INFO  o.s.b.c.e.t.TomcatEmbeddedServletContainer - Tomcat started on port(s): 8050 (http)
2018-07-18 08:48:52 [main] INFO  com.OpenApplication - Started OpenApplication in 9.944 seconds (JVM running for 14.309)
2018-07-18 08:49:27 [main] INFO  com.OpenApplication - Starting OpenApplication on morrigan-PC with PID 7340 (D:\test-sioo\target\classes started by morrigan in D:\test-sioo)
2018-07-18 08:49:27 [main] INFO  com.OpenApplication - No active profile set, falling back to default profiles: default
2018-07-18 08:49:27 [main] INFO  o.s.b.c.e.AnnotationConfigEmbeddedWebApplicationContext - Refreshing org.springframework.boot.context.embedded.AnnotationConfigEmbeddedWebApplicationContext@18ce0030: startup date [Wed Jul 18 08:49:27 CST 2018]; root of context hierarchy
2018-07-18 08:49:27 [background-preinit] INFO  o.h.validator.internal.util.Version - HV000001: Hibernate Validator 5.3.6.Final
2018-07-18 08:49:30 [main] INFO  o.s.b.c.e.t.TomcatEmbeddedServletContainer - Tomcat initialized with port(s): 8050 (http)
2018-07-18 08:49:30 [main] INFO  o.a.catalina.core.StandardService - Starting service [Tomcat]
2018-07-18 08:49:30 [main] INFO  o.a.catalina.core.StandardEngine - Starting Servlet Engine: Apache Tomcat/8.5.23
2018-07-18 08:49:30 [localhost-startStop-1] INFO  o.a.c.c.C.[Tomcat].[localhost].[/] - Initializing Spring embedded WebApplicationContext
2018-07-18 08:49:30 [localhost-startStop-1] INFO  o.s.web.context.ContextLoader - Root WebApplicationContext: initialization completed in 2730 ms
2018-07-18 08:49:30 [localhost-startStop-1] INFO  o.s.b.w.s.ServletRegistrationBean - Mapping servlet: 'dispatcherServlet' to [/]
2018-07-18 08:49:30 [localhost-startStop-1] INFO  o.s.b.w.s.FilterRegistrationBean - Mapping filter: 'characterEncodingFilter' to: [/*]
2018-07-18 08:49:30 [localhost-startStop-1] INFO  o.s.b.w.s.FilterRegistrationBean - Mapping filter: 'hiddenHttpMethodFilter' to: [/*]
2018-07-18 08:49:30 [localhost-startStop-1] INFO  o.s.b.w.s.FilterRegistrationBean - Mapping filter: 'httpPutFormContentFilter' to: [/*]
2018-07-18 08:49:30 [localhost-startStop-1] INFO  o.s.b.w.s.FilterRegistrationBean - Mapping filter: 'requestContextFilter' to: [/*]
2018-07-18 08:49:31 [main] INFO  o.s.w.s.m.m.a.RequestMappingHandlerAdapter - Looking for @ControllerAdvice: org.springframework.boot.context.embedded.AnnotationConfigEmbeddedWebApplicationContext@18ce0030: startup date [Wed Jul 18 08:49:27 CST 2018]; root of context hierarchy
2018-07-18 08:49:31 [main] INFO  o.s.w.s.m.m.a.RequestMappingHandlerMapping - Mapped "{[/open]}" onto public java.lang.String com.controller.OpenController.open()
2018-07-18 08:49:31 [main] INFO  o.s.w.s.m.m.a.RequestMappingHandlerMapping - Mapped "{[/error]}" onto public org.springframework.http.ResponseEntity<java.util.Map<java.lang.String, java.lang.Object>> org.springframework.boot.autoconfigure.web.BasicErrorController.error(javax.servlet.http.HttpServletRequest)
2018-07-18 08:49:31 [main] INFO  o.s.w.s.m.m.a.RequestMappingHandlerMapping - Mapped "{[/error],produces=[text/html]}" onto public org.springframework.web.servlet.ModelAndView org.springframework.boot.autoconfigure.web.BasicErrorController.errorHtml(javax.servlet.http.HttpServletRequest,javax.servlet.http.HttpServletResponse)
2018-07-18 08:49:31 [main] INFO  o.s.w.s.h.SimpleUrlHandlerMapping - Mapped URL path [/webjars/**] onto handler of type [class org.springframework.web.servlet.resource.ResourceHttpRequestHandler]
2018-07-18 08:49:31 [main] INFO  o.s.w.s.h.SimpleUrlHandlerMapping - Mapped URL path [/**] onto handler of type [class org.springframework.web.servlet.resource.ResourceHttpRequestHandler]
2018-07-18 08:49:31 [main] INFO  o.s.w.s.h.SimpleUrlHandlerMapping - Mapped URL path [/**/favicon.ico] onto handler of type [class org.springframework.web.servlet.resource.ResourceHttpRequestHandler]
2018-07-18 08:49:31 [main] INFO  o.s.j.e.a.AnnotationMBeanExporter - Registering beans for JMX exposure on startup
2018-07-18 08:49:31 [main] INFO  o.a.coyote.http11.Http11NioProtocol - Initializing ProtocolHandler ["http-nio-8050"]
2018-07-18 08:49:31 [main] INFO  o.a.coyote.http11.Http11NioProtocol - Starting ProtocolHandler ["http-nio-8050"]
2018-07-18 08:49:31 [main] INFO  o.a.tomcat.util.net.NioSelectorPool - Using a shared selector for servlet write/read
2018-07-18 08:49:31 [main] INFO  o.s.b.c.e.t.TomcatEmbeddedServletContainer - Tomcat started on port(s): 8050 (http)
2018-07-18 08:49:31 [main] INFO  com.OpenApplication - Started OpenApplication in 4.593 seconds (JVM running for 5.997)
2018-07-18 08:50:28 [main] INFO  o.s.b.t.c.SpringBootTestContextBootstrapper - Neither @ContextConfiguration nor @ContextHierarchy found for test class [com.HistoryTo114], using SpringBootContextLoader
2018-07-18 08:50:28 [main] INFO  o.s.t.c.s.AbstractContextLoader - Could not detect default resource locations for test class [com.HistoryTo114]: no resource found for suffixes {-context.xml, Context.groovy}.
2018-07-18 08:50:28 [main] INFO  o.s.t.c.s.AnnotationConfigContextLoaderUtils - Could not detect default configuration classes for test class [com.HistoryTo114]: HistoryTo114 does not declare any static, non-private, non-final, nested classes annotated with @Configuration.
2018-07-18 08:50:28 [main] INFO  o.s.b.t.c.SpringBootTestContextBootstrapper - Found @SpringBootConfiguration com.OpenApplication for test class com.HistoryTo114
2018-07-18 08:50:28 [main] INFO  o.s.b.t.c.SpringBootTestContextBootstrapper - Loaded default TestExecutionListener class names from location [META-INF/spring.factories]: [org.springframework.boot.test.mock.mockito.MockitoTestExecutionListener, org.springframework.boot.test.mock.mockito.ResetMocksTestExecutionListener, org.springframework.boot.test.autoconfigure.restdocs.RestDocsTestExecutionListener, org.springframework.boot.test.autoconfigure.web.client.MockRestServiceServerResetTestExecutionListener, org.springframework.boot.test.autoconfigure.web.servlet.MockMvcPrintOnlyOnFailureTestExecutionListener, org.springframework.boot.test.autoconfigure.web.servlet.WebDriverTestExecutionListener, org.springframework.test.context.web.ServletTestExecutionListener, org.springframework.test.context.support.DirtiesContextBeforeModesTestExecutionListener, org.springframework.test.context.support.DependencyInjectionTestExecutionListener, org.springframework.test.context.support.DirtiesContextTestExecutionListener, org.springframework.test.context.transaction.TransactionalTestExecutionListener, org.springframework.test.context.jdbc.SqlScriptsTestExecutionListener]
2018-07-18 08:50:28 [main] INFO  o.s.b.t.c.SpringBootTestContextBootstrapper - Using TestExecutionListeners: [org.springframework.test.context.web.ServletTestExecutionListener@1a04f701, org.springframework.test.context.support.DirtiesContextBeforeModesTestExecutionListener@4e91d63f, org.springframework.boot.test.autoconfigure.SpringBootDependencyInjectionTestExecutionListener@d4342c2, org.springframework.test.context.support.DirtiesContextTestExecutionListener@2bbf180e, org.springframework.test.context.transaction.TransactionalTestExecutionListener@163e4e87, org.springframework.test.context.jdbc.SqlScriptsTestExecutionListener@56de5251, org.springframework.boot.test.mock.mockito.MockitoTestExecutionListener@419c5f1a, org.springframework.boot.test.mock.mockito.ResetMocksTestExecutionListener@12b0404f, org.springframework.boot.test.autoconfigure.restdocs.RestDocsTestExecutionListener@769e7ee8, org.springframework.boot.test.autoconfigure.web.servlet.MockMvcPrintOnlyOnFailureTestExecutionListener@5276e6b0, org.springframework.boot.test.autoconfigure.web.client.MockRestServiceServerResetTestExecutionListener@71b1176b, org.springframework.boot.test.autoconfigure.web.servlet.WebDriverTestExecutionListener@6193932a]
2018-07-18 08:50:28 [main] INFO  com.HistoryTo114 - Starting HistoryTo114 on morrigan-PC with PID 14764 (started by morrigan in D:\test-sioo)
2018-07-18 08:50:28 [main] INFO  com.HistoryTo114 - No active profile set, falling back to default profiles: default
2018-07-18 08:50:28 [main] INFO  o.s.w.c.s.GenericWebApplicationContext - Refreshing org.springframework.web.context.support.GenericWebApplicationContext@71238fc2: startup date [Wed Jul 18 08:50:28 CST 2018]; root of context hierarchy
2018-07-18 08:50:29 [background-preinit] INFO  o.h.validator.internal.util.Version - HV000001: Hibernate Validator 5.3.6.Final
2018-07-18 08:50:34 [main] INFO  o.s.w.s.m.m.a.RequestMappingHandlerAdapter - Looking for @ControllerAdvice: org.springframework.web.context.support.GenericWebApplicationContext@71238fc2: startup date [Wed Jul 18 08:50:28 CST 2018]; root of context hierarchy
2018-07-18 08:50:34 [main] INFO  o.s.w.s.m.m.a.RequestMappingHandlerMapping - Mapped "{[/open]}" onto public java.lang.String com.controller.OpenController.open()
2018-07-18 08:50:34 [main] INFO  o.s.w.s.m.m.a.RequestMappingHandlerMapping - Mapped "{[/error]}" onto public org.springframework.http.ResponseEntity<java.util.Map<java.lang.String, java.lang.Object>> org.springframework.boot.autoconfigure.web.BasicErrorController.error(javax.servlet.http.HttpServletRequest)
2018-07-18 08:50:34 [main] INFO  o.s.w.s.m.m.a.RequestMappingHandlerMapping - Mapped "{[/error],produces=[text/html]}" onto public org.springframework.web.servlet.ModelAndView org.springframework.boot.autoconfigure.web.BasicErrorController.errorHtml(javax.servlet.http.HttpServletRequest,javax.servlet.http.HttpServletResponse)
2018-07-18 08:50:34 [main] INFO  o.s.w.s.h.SimpleUrlHandlerMapping - Mapped URL path [/webjars/**] onto handler of type [class org.springframework.web.servlet.resource.ResourceHttpRequestHandler]
2018-07-18 08:50:34 [main] INFO  o.s.w.s.h.SimpleUrlHandlerMapping - Mapped URL path [/**] onto handler of type [class org.springframework.web.servlet.resource.ResourceHttpRequestHandler]
2018-07-18 08:50:34 [main] INFO  o.s.w.s.h.SimpleUrlHandlerMapping - Mapped URL path [/**/favicon.ico] onto handler of type [class org.springframework.web.servlet.resource.ResourceHttpRequestHandler]
2018-07-18 08:50:35 [main] INFO  com.HistoryTo114 - Started HistoryTo114 in 6.849 seconds (JVM running for 8.324)
2018-07-18 08:50:35 [Thread-2] INFO  o.s.w.c.s.GenericWebApplicationContext - Closing org.springframework.web.context.support.GenericWebApplicationContext@71238fc2: startup date [Wed Jul 18 08:50:28 CST 2018]; root of context hierarchy
